[05-14-16-53-59][INFO] (org.apache.shiro.cache.ehcache.EhCacheManager:getCache) - Cache with name 'com.ken.wms.security.realms.UserAuthorizingRealm.authorizationCache' does not yet exist.  Creating now.
 [05-14-16-53-59][INFO] (org.apache.shiro.cache.ehcache.EhCacheManager:getCache) - Added EhCache named [com.ken.wms.security.realms.UserAuthorizingRealm.authorizationCache]
 [05-14-16-53-59][INFO] (org.apache.shiro.cache.ehcache.EhCacheManager:getCache) - Using existing EHCache named [sessionCache]
 [05-14-16-54-31][INFO] (org.apache.shiro.session.mgt.AbstractValidatingSessionManager:disableSessionValidation) - Disabled session validation scheduler.
 [05-14-16-54-31][ERROR] (org.springframework.web.context.ContextLoader:initWebApplicationContext) - Context initialization failed
 org.springframework.beans.factory.BeanCreationException: Error creating bean with name 'shiroFilter' defined in class path resource [config/ShiroConfiguration.xml]: Cannot resolve reference to bean 'filterChainDefinitionMap' while setting bean property 'filterChainDefinitionMap'; nested exception is org.springframework.beans.factory.BeanCreationException: Error creating bean with name 'filterChainDefinitionMap' defined in class path resource [config/ShiroConfiguration.xml]: Bean instantiation via factory method failed; nested exception is org.springframework.beans.BeanInstantiationException: Failed to instantiate [java.util.LinkedHashMap]: Factory method 'builderFilterChainDefinitionMap' threw exception; nested exception is org.mybatis.spring.MyBatisSystemException: nested exception is org.apache.ibatis.exceptions.PersistenceException: 
### Error querying database.  Cause: java.lang.RuntimeException: java.sql.SQLException: Connections could not be acquired from the underlying database!
### Cause: java.lang.RuntimeException: java.sql.SQLException: Connections could not be acquired from the underlying database!
Related cause: org.springframework.beans.factory.BeanCurrentlyInCreationException: Error creating bean with name 'shiroFilter': Requested bean is currently in creation: Is there an unresolvable circular reference?
	at org.springframework.beans.factory.support.BeanDefinitionValueResolver.resolveReference(BeanDefinitionValueResolver.java:359)
	at org.springframework.beans.factory.support.BeanDefinitionValueResolver.resolveValueIfNecessary(BeanDefinitionValueResolver.java:108)
	at org.springframework.beans.factory.support.AbstractAutowireCapableBeanFactory.applyPropertyValues(AbstractAutowireCapableBeanFactory.java:1481)
	at org.springframework.beans.factory.support.AbstractAutowireCapableBeanFactory.populateBean(AbstractAutowireCapableBeanFactory.java:1226)
	at org.springframework.beans.factory.support.AbstractAutowireCapableBeanFactory.doCreateBean(AbstractAutowireCapableBeanFactory.java:543)
	at org.springframework.beans.factory.support.AbstractAutowireCapableBeanFactory.createBean(AbstractAutowireCapableBeanFactory.java:482)
	at org.springframework.beans.factory.support.AbstractBeanFactory$1.getObject(AbstractBeanFactory.java:306)
	at org.springframework.beans.factory.support.DefaultSingletonBeanRegistry.getSingleton(DefaultSingletonBeanRegistry.java:230)
	at org.springframework.beans.factory.support.AbstractBeanFactory.doGetBean(AbstractBeanFactory.java:302)
	at org.springframework.beans.factory.support.AbstractBeanFactory.getBean(AbstractBeanFactory.java:202)
	at org.springframework.context.support.PostProcessorRegistrationDelegate.registerBeanPostProcessors(PostProcessorRegistrationDelegate.java:240)
	at org.springframework.context.support.AbstractApplicationContext.registerBeanPostProcessors(AbstractApplicationContext.java:697)
	at org.springframework.context.support.AbstractApplicationContext.refresh(AbstractApplicationContext.java:526)
	at org.springframework.web.context.ContextLoader.configureAndRefreshWebApplicationContext(ContextLoader.java:444)
	at org.springframework.web.context.ContextLoader.initWebApplicationContext(ContextLoader.java:326)
	at org.springframework.web.context.ContextLoaderListener.contextInitialized(ContextLoaderListener.java:107)
	at org.apache.catalina.core.StandardContext.listenerStart(StandardContext.java:5118)
	at org.apache.catalina.core.StandardContext.startInternal(StandardContext.java:5641)
	at org.apache.catalina.util.LifecycleBase.start(LifecycleBase.java:145)
	at org.apache.catalina.core.ContainerBase.addChildInternal(ContainerBase.java:1015)
	at org.apache.catalina.core.ContainerBase.addChild(ContainerBase.java:991)
	at org.apache.catalina.core.StandardHost.addChild(StandardHost.java:652)
	at org.apache.catalina.startup.HostConfig.manageApp(HostConfig.java:1899)
	at sun.reflect.NativeMethodAccessorImpl.invoke0(Native Method)
	at sun.reflect.NativeMethodAccessorImpl.invoke(NativeMethodAccessorImpl.java:62)
	at sun.reflect.DelegatingMethodAccessorImpl.invoke(DelegatingMethodAccessorImpl.java:43)
	at java.lang.reflect.Method.invoke(Method.java:498)
	at org.apache.tomcat.util.modeler.BaseModelMBean.invoke(BaseModelMBean.java:301)
	at com.sun.jmx.interceptor.DefaultMBeanServerInterceptor.invoke(DefaultMBeanServerInterceptor.java:819)
	at com.sun.jmx.mbeanserver.JmxMBeanServer.invoke(JmxMBeanServer.java:801)
	at org.apache.catalina.mbeans.MBeanFactory.createStandardContext(MBeanFactory.java:618)
	at org.apache.catalina.mbeans.MBeanFactory.createStandardContext(MBeanFactory.java:565)
	at sun.reflect.NativeMethodAccessorImpl.invoke0(Native Method)
	at sun.reflect.NativeMethodAccessorImpl.invoke(NativeMethodAccessorImpl.java:62)
	at sun.reflect.DelegatingMethodAccessorImpl.invoke(DelegatingMethodAccessorImpl.java:43)
	at java.lang.reflect.Method.invoke(Method.java:498)
	at org.apache.tomcat.util.modeler.BaseModelMBean.invoke(BaseModelMBean.java:301)
	at com.sun.jmx.interceptor.DefaultMBeanServerInterceptor.invoke(DefaultMBeanServerInterceptor.java:819)
	at com.sun.jmx.mbeanserver.JmxMBeanServer.invoke(JmxMBeanServer.java:801)
	at javax.management.remote.rmi.RMIConnectionImpl.doOperation(RMIConnectionImpl.java:1468)
	at javax.management.remote.rmi.RMIConnectionImpl.access$300(RMIConnectionImpl.java:76)
	at javax.management.remote.rmi.RMIConnectionImpl$PrivilegedOperation.run(RMIConnectionImpl.java:1309)
	at javax.management.remote.rmi.RMIConnectionImpl.doPrivilegedOperation(RMIConnectionImpl.java:1401)
	at javax.management.remote.rmi.RMIConnectionImpl.invoke(RMIConnectionImpl.java:829)
	at sun.reflect.NativeMethodAccessorImpl.invoke0(Native Method)
	at sun.reflect.NativeMethodAccessorImpl.invoke(NativeMethodAccessorImpl.java:62)
	at sun.reflect.DelegatingMethodAccessorImpl.invoke(DelegatingMethodAccessorImpl.java:43)
	at java.lang.reflect.Method.invoke(Method.java:498)
	at sun.rmi.server.UnicastServerRef.dispatch(UnicastServerRef.java:361)
	at sun.rmi.transport.Transport$1.run(Transport.java:200)
	at sun.rmi.transport.Transport$1.run(Transport.java:197)
	at java.security.AccessController.doPrivileged(Native Method)
	at sun.rmi.transport.Transport.serviceCall(Transport.java:196)
	at sun.rmi.transport.tcp.TCPTransport.handleMessages(TCPTransport.java:568)
	at sun.rmi.transport.tcp.TCPTransport$ConnectionHandler.run0(TCPTransport.java:826)
	at sun.rmi.transport.tcp.TCPTransport$ConnectionHandler.lambda$run$0(TCPTransport.java:683)
	at java.security.AccessController.doPrivileged(Native Method)
	at sun.rmi.transport.tcp.TCPTransport$ConnectionHandler.run(TCPTransport.java:682)
	at java.util.concurrent.ThreadPoolExecutor.runWorker(ThreadPoolExecutor.java:1149)
	at java.util.concurrent.ThreadPoolExecutor$Worker.run(ThreadPoolExecutor.java:624)
	at java.lang.Thread.run(Thread.java:748)
Caused by: org.springframework.beans.factory.BeanCreationException: Error creating bean with name 'filterChainDefinitionMap' defined in class path resource [config/ShiroConfiguration.xml]: Bean instantiation via factory method failed; nested exception is org.springframework.beans.BeanInstantiationException: Failed to instantiate [java.util.LinkedHashMap]: Factory method 'builderFilterChainDefinitionMap' threw exception; nested exception is org.mybatis.spring.MyBatisSystemException: nested exception is org.apache.ibatis.exceptions.PersistenceException: 
### Error querying database.  Cause: java.lang.RuntimeException: java.sql.SQLException: Connections could not be acquired from the underlying database!
### Cause: java.lang.RuntimeException: java.sql.SQLException: Connections could not be acquired from the underlying database!
	at org.springframework.beans.factory.support.ConstructorResolver.instantiateUsingFactoryMethod(ConstructorResolver.java:599)
	at org.springframework.beans.factory.support.AbstractAutowireCapableBeanFactory.instantiateUsingFactoryMethod(AbstractAutowireCapableBeanFactory.java:1123)
	at org.springframework.beans.factory.support.AbstractAutowireCapableBeanFactory.createBeanInstance(AbstractAutowireCapableBeanFactory.java:1018)
	at org.springframework.beans.factory.support.AbstractAutowireCapableBeanFactory.doCreateBean(AbstractAutowireCapableBeanFactory.java:510)
	at org.springframework.beans.factory.support.AbstractAutowireCapableBeanFactory.createBean(AbstractAutowireCapableBeanFactory.java:482)
	at org.springframework.beans.factory.support.AbstractBeanFactory$1.getObject(AbstractBeanFactory.java:306)
	at org.springframework.beans.factory.support.DefaultSingletonBeanRegistry.getSingleton(DefaultSingletonBeanRegistry.java:230)
	at org.springframework.beans.factory.support.AbstractBeanFactory.doGetBean(AbstractBeanFactory.java:302)
	at org.springframework.beans.factory.support.AbstractBeanFactory.getBean(AbstractBeanFactory.java:197)
	at org.springframework.beans.factory.support.BeanDefinitionValueResolver.resolveReference(BeanDefinitionValueResolver.java:351)
	... 60 more
Caused by: org.springframework.beans.BeanInstantiationException: Failed to instantiate [java.util.LinkedHashMap]: Factory method 'builderFilterChainDefinitionMap' threw exception; nested exception is org.mybatis.spring.MyBatisSystemException: nested exception is org.apache.ibatis.exceptions.PersistenceException: 
### Error querying database.  Cause: java.lang.RuntimeException: java.sql.SQLException: Connections could not be acquired from the underlying database!
### Cause: java.lang.RuntimeException: java.sql.SQLException: Connections could not be acquired from the underlying database!
	at org.springframework.beans.factory.support.SimpleInstantiationStrategy.instantiate(SimpleInstantiationStrategy.java:189)
	at org.springframework.beans.factory.support.ConstructorResolver.instantiateUsingFactoryMethod(ConstructorResolver.java:588)
	... 69 more
Caused by: org.mybatis.spring.MyBatisSystemException: nested exception is org.apache.ibatis.exceptions.PersistenceException: 
### Error querying database.  Cause: java.lang.RuntimeException: java.sql.SQLException: Connections could not be acquired from the underlying database!
### Cause: java.lang.RuntimeException: java.sql.SQLException: Connections could not be acquired from the underlying database!
	at org.mybatis.spring.MyBatisExceptionTranslator.translateExceptionIfPossible(MyBatisExceptionTranslator.java:79)
	at org.mybatis.spring.SqlSessionTemplate$SqlSessionInterceptor.invoke(SqlSessionTemplate.java:447)
	at com.sun.proxy.$Proxy17.selectList(Unknown Source)
	at org.mybatis.spring.SqlSessionTemplate.selectList(SqlSessionTemplate.java:231)
	at org.apache.ibatis.binding.MapperMethod.executeForMany(MapperMethod.java:128)
	at org.apache.ibatis.binding.MapperMethod.execute(MapperMethod.java:68)
	at org.apache.ibatis.binding.MapperProxy.invoke(MapperProxy.java:53)
	at com.sun.proxy.$Proxy34.selectAll(Unknown Source)
	at com.ken.wms.security.service.FilterChainDefinitionMapBuilder.getPermissionDataFromDB(FilterChainDefinitionMapBuilder.java:58)
	at com.ken.wms.security.service.FilterChainDefinitionMapBuilder.builderFilterChainDefinitionMap(FilterChainDefinitionMapBuilder.java:38)
	at sun.reflect.NativeMethodAccessorImpl.invoke0(Native Method)
	at sun.reflect.NativeMethodAccessorImpl.invoke(NativeMethodAccessorImpl.java:62)
	at sun.reflect.DelegatingMethodAccessorImpl.invoke(DelegatingMethodAccessorImpl.java:43)
	at java.lang.reflect.Method.invoke(Method.java:498)
	at org.springframework.beans.factory.support.SimpleInstantiationStrategy.instantiate(SimpleInstantiationStrategy.java:162)
	... 70 more
Caused by: org.apache.ibatis.exceptions.PersistenceException: 
### Error querying database.  Cause: java.lang.RuntimeException: java.sql.SQLException: Connections could not be acquired from the underlying database!
### Cause: java.lang.RuntimeException: java.sql.SQLException: Connections could not be acquired from the underlying database!
	at org.apache.ibatis.exceptions.ExceptionFactory.wrapException(ExceptionFactory.java:30)
	at org.apache.ibatis.session.defaults.DefaultSqlSession.selectList(DefaultSqlSession.java:150)
	at org.apache.ibatis.session.defaults.DefaultSqlSession.selectList(DefaultSqlSession.java:141)
	at sun.reflect.NativeMethodAccessorImpl.invoke0(Native Method)
	at sun.reflect.NativeMethodAccessorImpl.invoke(NativeMethodAccessorImpl.java:62)
	at sun.reflect.DelegatingMethodAccessorImpl.invoke(DelegatingMethodAccessorImpl.java:43)
	at java.lang.reflect.Method.invoke(Method.java:498)
	at org.mybatis.spring.SqlSessionTemplate$SqlSessionInterceptor.invoke(SqlSessionTemplate.java:434)
	... 83 more
Caused by: java.lang.RuntimeException: java.sql.SQLException: Connections could not be acquired from the underlying database!
	at com.github.pagehelper.PageHelper.getUrl(PageHelper.java:287)
	at com.github.pagehelper.PageHelper.getSqlUtil(PageHelper.java:310)
	at com.github.pagehelper.PageHelper.initSqlUtil(PageHelper.java:266)
	at com.github.pagehelper.PageHelper.intercept(PageHelper.java:253)
	at org.apache.ibatis.plugin.Plugin.invoke(Plugin.java:61)
	at com.sun.proxy.$Proxy37.query(Unknown Source)
	at org.apache.ibatis.session.defaults.DefaultSqlSession.selectList(DefaultSqlSession.java:148)
	... 89 more
Caused by: java.sql.SQLException: Connections could not be acquired from the underlying database!
	at com.mchange.v2.sql.SqlUtils.toSQLException(SqlUtils.java:118)
	at com.mchange.v2.c3p0.impl.C3P0PooledConnectionPool.checkoutPooledConnection(C3P0PooledConnectionPool.java:689)
	at com.mchange.v2.c3p0.impl.AbstractPoolBackedDataSource.getConnection(AbstractPoolBackedDataSource.java:140)
	at com.github.pagehelper.PageHelper.getUrl(PageHelper.java:284)
	... 95 more
Caused by: com.mchange.v2.resourcepool.CannotAcquireResourceException: A ResourcePool could not acquire a resource from its primary factory or source.
	at com.mchange.v2.resourcepool.BasicResourcePool.awaitAvailable(BasicResourcePool.java:1418)
	at com.mchange.v2.resourcepool.BasicResourcePool.prelimCheckoutResource(BasicResourcePool.java:606)
	at com.mchange.v2.resourcepool.BasicResourcePool.checkoutResource(BasicResourcePool.java:526)
	at com.mchange.v2.c3p0.impl.C3P0PooledConnectionPool.checkoutAndMarkConnectionInUse(C3P0PooledConnectionPool.java:755)
	at com.mchange.v2.c3p0.impl.C3P0PooledConnectionPool.checkoutPooledConnection(C3P0PooledConnectionPool.java:682)
	... 97 more
Related cause:
org.springframework.beans.factory.BeanCurrentlyInCreationException: Error creating bean with name 'shiroFilter': Requested bean is currently in creation: Is there an unresolvable circular reference?
	at org.springframework.beans.factory.support.DefaultSingletonBeanRegistry.beforeSingletonCreation(DefaultSingletonBeanRegistry.java:347)
	at org.springframework.beans.factory.support.DefaultSingletonBeanRegistry.getSingleton(DefaultSingletonBeanRegistry.java:223)
	at org.springframework.beans.factory.support.AbstractBeanFactory.doGetBean(AbstractBeanFactory.java:302)
	at org.springframework.beans.factory.support.AbstractBeanFactory.getTypeForFactoryBean(AbstractBeanFactory.java:1474)
	at org.springframework.beans.factory.support.AbstractAutowireCapableBeanFactory.getTypeForFactoryBean(AbstractAutowireCapableBeanFactory.java:808)
	at org.springframework.beans.factory.support.AbstractBeanFactory.isTypeMatch(AbstractBeanFactory.java:544)
	at org.springframework.beans.factory.support.DefaultListableBeanFactory.doGetBeanNamesForType(DefaultListableBeanFactory.java:448)
	at org.springframework.beans.factory.support.DefaultListableBeanFactory.getBeanNamesForType(DefaultListableBeanFactory.java:416)
	at org.springframework.beans.factory.BeanFactoryUtils.beanNamesForTypeIncludingAncestors(BeanFactoryUtils.java:220)
	at org.springframework.beans.factory.support.DefaultListableBeanFactory.findAutowireCandidates(DefaultListableBeanFactory.java:1193)
	at org.springframework.beans.factory.support.DefaultListableBeanFactory.doResolveDependency(DefaultListableBeanFactory.java:1048)
	at org.springframework.beans.factory.support.DefaultListableBeanFactory.resolveDependency(DefaultListableBeanFactory.java:1018)
	at org.springframework.beans.factory.annotation.AutowiredAnnotationBeanPostProcessor$AutowiredFieldElement.inject(AutowiredAnnotationBeanPostProcessor.java:570)
	at org.springframework.beans.factory.annotation.InjectionMetadata.inject(InjectionMetadata.java:88)
	at org.springframework.beans.factory.annotation.AutowiredAnnotationBeanPostProcessor.postProcessPropertyValues(AutowiredAnnotationBeanPostProcessor.java:350)
	at org.springframework.beans.factory.support.AbstractAutowireCapableBeanFactory.populateBean(AbstractAutowireCapableBeanFactory.java:1214)
	at org.springframework.beans.factory.support.AbstractAutowireCapableBeanFactory.doCreateBean(AbstractAutowireCapableBeanFactory.java:543)
	at org.springframework.beans.factory.support.AbstractAutowireCapableBeanFactory.createBean(AbstractAutowireCapableBeanFactory.java:482)
	at org.springframework.beans.factory.support.AbstractBeanFactory$1.getObject(AbstractBeanFactory.java:306)
	at org.springframework.beans.factory.support.DefaultSingletonBeanRegistry.getSingleton(DefaultSingletonBeanRegistry.java:230)
	at org.springframework.beans.factory.support.AbstractBeanFactory.doGetBean(AbstractBeanFactory.java:302)
	at org.springframework.beans.factory.support.AbstractBeanFactory.getBean(AbstractBeanFactory.java:197)
	at org.springframework.beans.factory.support.BeanDefinitionValueResolver.resolveReference(BeanDefinitionValueResolver.java:351)
	at org.springframework.beans.factory.support.BeanDefinitionValueResolver.resolveValueIfNecessary(BeanDefinitionValueResolver.java:108)
	at org.springframework.beans.factory.support.BeanDefinitionValueResolver.resolveManagedList(BeanDefinitionValueResolver.java:382)
	at org.springframework.beans.factory.support.BeanDefinitionValueResolver.resolveValueIfNecessary(BeanDefinitionValueResolver.java:157)
	at org.springframework.beans.factory.support.AbstractAutowireCapableBeanFactory.applyPropertyValues(AbstractAutowireCapableBeanFactory.java:1481)
	at org.springframework.beans.factory.support.AbstractAutowireCapableBeanFactory.populateBean(AbstractAutowireCapableBeanFactory.java:1226)
	at org.springframework.beans.factory.support.AbstractAutowireCapableBeanFactory.doCreateBean(AbstractAutowireCapableBeanFactory.java:543)
	at org.springframework.beans.factory.support.AbstractAutowireCapableBeanFactory.createBean(AbstractAutowireCapableBeanFactory.java:482)
	at org.springframework.beans.factory.support.AbstractBeanFactory$1.getObject(AbstractBeanFactory.java:306)
	at org.springframework.beans.factory.support.DefaultSingletonBeanRegistry.getSingleton(DefaultSingletonBeanRegistry.java:230)
	at org.springframework.beans.factory.support.AbstractBeanFactory.doGetBean(AbstractBeanFactory.java:302)
	at org.springframework.beans.factory.support.AbstractBeanFactory.getBean(AbstractBeanFactory.java:197)
	at org.springframework.beans.factory.support.BeanDefinitionValueResolver.resolveReference(BeanDefinitionValueResolver.java:351)
	at org.springframework.beans.factory.support.BeanDefinitionValueResolver.resolveValueIfNecessary(BeanDefinitionValueResolver.java:108)
	at org.springframework.beans.factory.support.AbstractAutowireCapableBeanFactory.applyPropertyValues(AbstractAutowireCapableBeanFactory.java:1481)
	at org.springframework.beans.factory.support.AbstractAutowireCapableBeanFactory.populateBean(AbstractAutowireCapableBeanFactory.java:1226)
	at org.springframework.beans.factory.support.AbstractAutowireCapableBeanFactory.doCreateBean(AbstractAutowireCapableBeanFactory.java:543)
	at org.springframework.beans.factory.support.AbstractAutowireCapableBeanFactory.createBean(AbstractAutowireCapableBeanFactory.java:482)
	at org.springframework.beans.factory.support.AbstractBeanFactory$1.getObject(AbstractBeanFactory.java:306)
	at org.springframework.beans.factory.support.DefaultSingletonBeanRegistry.getSingleton(DefaultSingletonBeanRegistry.java:230)
	at org.springframework.beans.factory.support.AbstractBeanFactory.doGetBean(AbstractBeanFactory.java:302)
	at org.springframework.beans.factory.support.AbstractBeanFactory.getBean(AbstractBeanFactory.java:202)
	at org.springframework.aop.framework.autoproxy.BeanFactoryAdvisorRetrievalHelper.findAdvisorBeans(BeanFactoryAdvisorRetrievalHelper.java:92)
	at org.springframework.aop.framework.autoproxy.AbstractAdvisorAutoProxyCreator.findCandidateAdvisors(AbstractAdvisorAutoProxyCreator.java:101)
	at org.springframework.aop.aspectj.autoproxy.AspectJAwareAdvisorAutoProxyCreator.shouldSkip(AspectJAwareAdvisorAutoProxyCreator.java:103)
	at org.springframework.aop.framework.autoproxy.AbstractAutoProxyCreator.postProcessBeforeInstantiation(AbstractAutoProxyCreator.java:249)
	at org.springframework.beans.factory.support.AbstractAutowireCapableBeanFactory.applyBeanPostProcessorsBeforeInstantiation(AbstractAutowireCapableBeanFactory.java:988)
	at org.springframework.beans.factory.support.AbstractAutowireCapableBeanFactory.resolveBeforeInstantiation(AbstractAutowireCapableBeanFactory.java:959)
	at org.springframework.beans.factory.support.AbstractAutowireCapableBeanFactory.createBean(AbstractAutowireCapableBeanFactory.java:472)
	at org.springframework.beans.factory.support.AbstractBeanFactory$1.getObject(AbstractBeanFactory.java:306)
	at org.springframework.beans.factory.support.DefaultSingletonBeanRegistry.getSingleton(DefaultSingletonBeanRegistry.java:230)
	at org.springframework.beans.factory.support.AbstractBeanFactory.doGetBean(AbstractBeanFactory.java:302)
	at org.springframework.beans.factory.support.AbstractBeanFactory.getBean(AbstractBeanFactory.java:202)
	at org.springframework.context.support.PostProcessorRegistrationDelegate.registerBeanPostProcessors(PostProcessorRegistrationDelegate.java:240)
	at org.springframework.context.support.AbstractApplicationContext.registerBeanPostProcessors(AbstractApplicationContext.java:697)
	at org.springframework.context.support.AbstractApplicationContext.refresh(AbstractApplicationContext.java:526)
	at org.springframework.web.context.ContextLoader.configureAndRefreshWebApplicationContext(ContextLoader.java:444)
	at org.springframework.web.context.ContextLoader.initWebApplicationContext(ContextLoader.java:326)
	at org.springframework.web.context.ContextLoaderListener.contextInitialized(ContextLoaderListener.java:107)
	at org.apache.catalina.core.StandardContext.listenerStart(StandardContext.java:5118)
	at org.apache.catalina.core.StandardContext.startInternal(StandardContext.java:5641)
	at org.apache.catalina.util.LifecycleBase.start(LifecycleBase.java:145)
	at org.apache.catalina.core.ContainerBase.addChildInternal(ContainerBase.java:1015)
	at org.apache.catalina.core.ContainerBase.addChild(ContainerBase.java:991)
	at org.apache.catalina.core.StandardHost.addChild(StandardHost.java:652)
	at org.apache.catalina.startup.HostConfig.manageApp(HostConfig.java:1899)
	at sun.reflect.NativeMethodAccessorImpl.invoke0(Native Method)
	at sun.reflect.NativeMethodAccessorImpl.invoke(NativeMethodAccessorImpl.java:62)
	at sun.reflect.DelegatingMethodAccessorImpl.invoke(DelegatingMethodAccessorImpl.java:43)
	at java.lang.reflect.Method.invoke(Method.java:498)
	at org.apache.tomcat.util.modeler.BaseModelMBean.invoke(BaseModelMBean.java:301)
	at com.sun.jmx.interceptor.DefaultMBeanServerInterceptor.invoke(DefaultMBeanServerInterceptor.java:819)
	at com.sun.jmx.mbeanserver.JmxMBeanServer.invoke(JmxMBeanServer.java:801)
	at org.apache.catalina.mbeans.MBeanFactory.createStandardContext(MBeanFactory.java:618)
	at org.apache.catalina.mbeans.MBeanFactory.createStandardContext(MBeanFactory.java:565)
	at sun.reflect.NativeMethodAccessorImpl.invoke0(Native Method)
	at sun.reflect.NativeMethodAccessorImpl.invoke(NativeMethodAccessorImpl.java:62)
	at sun.reflect.DelegatingMethodAccessorImpl.invoke(DelegatingMethodAccessorImpl.java:43)
	at java.lang.reflect.Method.invoke(Method.java:498)
	at org.apache.tomcat.util.modeler.BaseModelMBean.invoke(BaseModelMBean.java:301)
	at com.sun.jmx.interceptor.DefaultMBeanServerInterceptor.invoke(DefaultMBeanServerInterceptor.java:819)
	at com.sun.jmx.mbeanserver.JmxMBeanServer.invoke(JmxMBeanServer.java:801)
	at javax.management.remote.rmi.RMIConnectionImpl.doOperation(RMIConnectionImpl.java:1468)
	at javax.management.remote.rmi.RMIConnectionImpl.access$300(RMIConnectionImpl.java:76)
	at javax.management.remote.rmi.RMIConnectionImpl$PrivilegedOperation.run(RMIConnectionImpl.java:1309)
	at javax.management.remote.rmi.RMIConnectionImpl.doPrivilegedOperation(RMIConnectionImpl.java:1401)
	at javax.management.remote.rmi.RMIConnectionImpl.invoke(RMIConnectionImpl.java:829)
	at sun.reflect.NativeMethodAccessorImpl.invoke0(Native Method)
	at sun.reflect.NativeMethodAccessorImpl.invoke(NativeMethodAccessorImpl.java:62)
	at sun.reflect.DelegatingMethodAccessorImpl.invoke(DelegatingMethodAccessorImpl.java:43)
	at java.lang.reflect.Method.invoke(Method.java:498)
	at sun.rmi.server.UnicastServerRef.dispatch(UnicastServerRef.java:361)
	at sun.rmi.transport.Transport$1.run(Transport.java:200)
	at sun.rmi.transport.Transport$1.run(Transport.java:197)
	at java.security.AccessController.doPrivileged(Native Method)
	at sun.rmi.transport.Transport.serviceCall(Transport.java:196)
	at sun.rmi.transport.tcp.TCPTransport.handleMessages(TCPTransport.java:568)
	at sun.rmi.transport.tcp.TCPTransport$ConnectionHandler.run0(TCPTransport.java:826)
	at sun.rmi.transport.tcp.TCPTransport$ConnectionHandler.lambda$run$0(TCPTransport.java:683)
	at java.security.AccessController.doPrivileged(Native Method)
	at sun.rmi.transport.tcp.TCPTransport$ConnectionHandler.run(TCPTransport.java:682)
	at java.util.concurrent.ThreadPoolExecutor.runWorker(ThreadPoolExecutor.java:1149)
	at java.util.concurrent.ThreadPoolExecutor$Worker.run(ThreadPoolExecutor.java:624)
	at java.lang.Thread.run(Thread.java:748)
[05-14-16-55-34][INFO] (org.apache.shiro.cache.ehcache.EhCacheManager:getCache) - Cache with name 'com.ken.wms.security.realms.UserAuthorizingRealm.authorizationCache' does not yet exist.  Creating now.
 [05-14-16-55-34][INFO] (org.apache.shiro.cache.ehcache.EhCacheManager:getCache) - Added EhCache named [com.ken.wms.security.realms.UserAuthorizingRealm.authorizationCache]
 [05-14-16-55-35][INFO] (org.apache.shiro.cache.ehcache.EhCacheManager:getCache) - Using existing EHCache named [sessionCache]
 [05-14-16-55-42][INFO] (org.apache.shiro.session.mgt.AbstractValidatingSessionManager:enableSessionValidation) - Enabling session validation scheduler...
 [05-14-16-55-42][INFO] (org.apache.shiro.cache.ehcache.EhCacheManager:getCache) - Using existing EHCache named [sessionCache]
 [05-14-17-03-44][INFO] (org.apache.shiro.session.mgt.AbstractValidatingSessionManager:disableSessionValidation) - Disabled session validation scheduler.
 [05-14-17-04-04][INFO] (org.apache.shiro.cache.ehcache.EhCacheManager:getCache) - Cache with name 'com.ken.wms.security.realms.UserAuthorizingRealm.authorizationCache' does not yet exist.  Creating now.
 [05-14-17-04-04][INFO] (org.apache.shiro.cache.ehcache.EhCacheManager:getCache) - Added EhCache named [com.ken.wms.security.realms.UserAuthorizingRealm.authorizationCache]
 [05-14-17-04-05][INFO] (org.apache.shiro.cache.ehcache.EhCacheManager:getCache) - Using existing EHCache named [sessionCache]
 [05-14-17-04-11][INFO] (org.apache.shiro.session.mgt.AbstractValidatingSessionManager:enableSessionValidation) - Enabling session validation scheduler...
 [05-14-17-04-11][INFO] (org.apache.shiro.cache.ehcache.EhCacheManager:getCache) - Using existing EHCache named [sessionCache]
 [05-14-17-34-11][INFO] (org.apache.shiro.session.mgt.AbstractValidatingSessionManager:validateSessions) - Validating all active sessions...
 [05-14-17-34-11][INFO] (org.apache.shiro.session.mgt.AbstractValidatingSessionManager:validateSessions) - Finished session validation.  [1] sessions were stopped.
 [05-14-19-06-18][INFO] (org.apache.shiro.session.mgt.AbstractValidatingSessionManager:validateSessions) - Validating all active sessions...
 [05-14-19-06-18][INFO] (org.apache.shiro.session.mgt.AbstractValidatingSessionManager:validateSessions) - Finished session validation.  [2] sessions were stopped.
 [05-14-19-36-18][INFO] (org.apache.shiro.session.mgt.AbstractValidatingSessionManager:validateSessions) - Validating all active sessions...
 [05-14-19-36-18][INFO] (org.apache.shiro.session.mgt.AbstractValidatingSessionManager:validateSessions) - Finished session validation.  No sessions were stopped.
 [05-14-20-06-18][INFO] (org.apache.shiro.session.mgt.AbstractValidatingSessionManager:validateSessions) - Validating all active sessions...
 [05-14-20-06-18][INFO] (org.apache.shiro.session.mgt.AbstractValidatingSessionManager:validateSessions) - Finished session validation.  No sessions were stopped.
 [05-14-20-36-18][INFO] (org.apache.shiro.session.mgt.AbstractValidatingSessionManager:validateSessions) - Validating all active sessions...
 [05-14-20-36-18][INFO] (org.apache.shiro.session.mgt.AbstractValidatingSessionManager:validateSessions) - Finished session validation.  No sessions were stopped.
 [05-14-21-01-30][INFO] (org.apache.shiro.session.mgt.AbstractValidatingSessionManager:disableSessionValidation) - Disabled session validation scheduler.
 [05-14-21-02-03][INFO] (org.apache.shiro.cache.ehcache.EhCacheManager:getCache) - Cache with name 'com.ken.wms.security.realms.UserAuthorizingRealm.authorizationCache' does not yet exist.  Creating now.
 [05-14-21-02-03][INFO] (org.apache.shiro.cache.ehcache.EhCacheManager:getCache) - Added EhCache named [com.ken.wms.security.realms.UserAuthorizingRealm.authorizationCache]
 [05-14-21-02-04][INFO] (org.apache.shiro.cache.ehcache.EhCacheManager:getCache) - Using existing EHCache named [sessionCache]
 [05-14-21-02-59][INFO] (org.apache.shiro.session.mgt.AbstractValidatingSessionManager:disableSessionValidation) - Disabled session validation scheduler.
 [05-14-21-03-48][INFO] (org.apache.shiro.cache.ehcache.EhCacheManager:getCache) - Cache with name 'com.ken.wms.security.realms.UserAuthorizingRealm.authorizationCache' does not yet exist.  Creating now.
 [05-14-21-03-48][INFO] (org.apache.shiro.cache.ehcache.EhCacheManager:getCache) - Added EhCache named [com.ken.wms.security.realms.UserAuthorizingRealm.authorizationCache]
 [05-14-21-03-49][INFO] (org.apache.shiro.cache.ehcache.EhCacheManager:getCache) - Using existing EHCache named [sessionCache]
 [05-14-21-03-57][INFO] (org.apache.shiro.session.mgt.AbstractValidatingSessionManager:enableSessionValidation) - Enabling session validation scheduler...
 [05-14-21-03-58][INFO] (org.apache.shiro.cache.ehcache.EhCacheManager:getCache) - Using existing EHCache named [sessionCache]
 [05-14-21-33-58][INFO] (org.apache.shiro.session.mgt.AbstractValidatingSessionManager:validateSessions) - Validating all active sessions...
 [05-14-21-33-58][INFO] (org.apache.shiro.session.mgt.AbstractValidatingSessionManager:validateSessions) - Finished session validation.  No sessions were stopped.
 [05-14-21-51-05][INFO] (org.apache.shiro.session.mgt.AbstractValidatingSessionManager:disableSessionValidation) - Disabled session validation scheduler.
 [05-14-21-51-25][INFO] (org.apache.shiro.cache.ehcache.EhCacheManager:getCache) - Cache with name 'com.ken.wms.security.realms.UserAuthorizingRealm.authorizationCache' does not yet exist.  Creating now.
 [05-14-21-51-25][INFO] (org.apache.shiro.cache.ehcache.EhCacheManager:getCache) - Added EhCache named [com.ken.wms.security.realms.UserAuthorizingRealm.authorizationCache]
 [05-14-21-51-26][INFO] (org.apache.shiro.cache.ehcache.EhCacheManager:getCache) - Using existing EHCache named [sessionCache]
 [05-14-21-51-32][INFO] (org.apache.shiro.session.mgt.AbstractValidatingSessionManager:enableSessionValidation) - Enabling session validation scheduler...
 [05-14-21-51-32][INFO] (org.apache.shiro.cache.ehcache.EhCacheManager:getCache) - Using existing EHCache named [sessionCache]
 [05-14-22-21-32][INFO] (org.apache.shiro.session.mgt.AbstractValidatingSessionManager:validateSessions) - Validating all active sessions...
 [05-14-22-21-32][INFO] (org.apache.shiro.session.mgt.AbstractValidatingSessionManager:validateSessions) - Finished session validation.  No sessions were stopped.
 [05-14-22-51-32][INFO] (org.apache.shiro.session.mgt.AbstractValidatingSessionManager:validateSessions) - Validating all active sessions...
 [05-14-22-51-32][INFO] (org.apache.shiro.session.mgt.AbstractValidatingSessionManager:validateSessions) - Finished session validation.  [3] sessions were stopped.
 [05-14-23-13-03][INFO] (org.apache.shiro.session.mgt.AbstractValidatingSessionManager:disableSessionValidation) - Disabled session validation scheduler.
 [05-15-08-45-20][INFO] (org.apache.shiro.cache.ehcache.EhCacheManager:getCache) - Cache with name 'com.ken.wms.security.realms.UserAuthorizingRealm.authorizationCache' does not yet exist.  Creating now.
 [05-15-08-45-20][INFO] (org.apache.shiro.cache.ehcache.EhCacheManager:getCache) - Added EhCache named [com.ken.wms.security.realms.UserAuthorizingRealm.authorizationCache]
 [05-15-08-45-20][INFO] (org.apache.shiro.cache.ehcache.EhCacheManager:getCache) - Using existing EHCache named [sessionCache]
 [05-15-08-45-27][INFO] (org.apache.shiro.session.mgt.AbstractValidatingSessionManager:enableSessionValidation) - Enabling session validation scheduler...
 [05-15-08-45-27][INFO] (org.apache.shiro.cache.ehcache.EhCacheManager:getCache) - Using existing EHCache named [sessionCache]
 [05-15-08-47-57][INFO] (org.apache.shiro.session.mgt.AbstractValidatingSessionManager:disableSessionValidation) - Disabled session validation scheduler.
 [05-15-08-48-17][INFO] (org.apache.shiro.cache.ehcache.EhCacheManager:getCache) - Cache with name 'com.ken.wms.security.realms.UserAuthorizingRealm.authorizationCache' does not yet exist.  Creating now.
 [05-15-08-48-17][INFO] (org.apache.shiro.cache.ehcache.EhCacheManager:getCache) - Added EhCache named [com.ken.wms.security.realms.UserAuthorizingRealm.authorizationCache]
 [05-15-08-48-17][INFO] (org.apache.shiro.cache.ehcache.EhCacheManager:getCache) - Using existing EHCache named [sessionCache]
 [05-15-08-48-22][INFO] (org.apache.shiro.session.mgt.AbstractValidatingSessionManager:enableSessionValidation) - Enabling session validation scheduler...
 [05-15-08-48-22][INFO] (org.apache.shiro.cache.ehcache.EhCacheManager:getCache) - Using existing EHCache named [sessionCache]
 [05-15-08-50-33][INFO] (org.apache.shiro.session.mgt.AbstractValidatingSessionManager:disableSessionValidation) - Disabled session validation scheduler.
 [05-15-08-50-58][INFO] (org.apache.shiro.cache.ehcache.EhCacheManager:getCache) - Cache with name 'com.ken.wms.security.realms.UserAuthorizingRealm.authorizationCache' does not yet exist.  Creating now.
 [05-15-08-50-58][INFO] (org.apache.shiro.cache.ehcache.EhCacheManager:getCache) - Added EhCache named [com.ken.wms.security.realms.UserAuthorizingRealm.authorizationCache]
 [05-15-08-50-59][INFO] (org.apache.shiro.cache.ehcache.EhCacheManager:getCache) - Using existing EHCache named [sessionCache]
 [05-15-08-51-07][INFO] (org.apache.shiro.session.mgt.AbstractValidatingSessionManager:enableSessionValidation) - Enabling session validation scheduler...
 [05-15-08-51-07][INFO] (org.apache.shiro.cache.ehcache.EhCacheManager:getCache) - Using existing EHCache named [sessionCache]
 [05-15-08-53-59][INFO] (org.apache.shiro.session.mgt.AbstractValidatingSessionManager:disableSessionValidation) - Disabled session validation scheduler.
 [05-15-08-54-24][INFO] (org.apache.shiro.cache.ehcache.EhCacheManager:getCache) - Cache with name 'com.ken.wms.security.realms.UserAuthorizingRealm.authorizationCache' does not yet exist.  Creating now.
 [05-15-08-54-24][INFO] (org.apache.shiro.cache.ehcache.EhCacheManager:getCache) - Added EhCache named [com.ken.wms.security.realms.UserAuthorizingRealm.authorizationCache]
 [05-15-08-54-24][INFO] (org.apache.shiro.cache.ehcache.EhCacheManager:getCache) - Using existing EHCache named [sessionCache]
 [05-15-08-54-31][INFO] (org.apache.shiro.session.mgt.AbstractValidatingSessionManager:enableSessionValidation) - Enabling session validation scheduler...
 [05-15-08-54-31][INFO] (org.apache.shiro.cache.ehcache.EhCacheManager:getCache) - Using existing EHCache named [sessionCache]
 [05-15-09-01-54][INFO] (org.apache.shiro.session.mgt.AbstractValidatingSessionManager:disableSessionValidation) - Disabled session validation scheduler.
 [05-15-09-02-18][INFO] (org.apache.shiro.cache.ehcache.EhCacheManager:getCache) - Cache with name 'com.ken.wms.security.realms.UserAuthorizingRealm.authorizationCache' does not yet exist.  Creating now.
 [05-15-09-02-18][INFO] (org.apache.shiro.cache.ehcache.EhCacheManager:getCache) - Added EhCache named [com.ken.wms.security.realms.UserAuthorizingRealm.authorizationCache]
 [05-15-09-02-18][INFO] (org.apache.shiro.cache.ehcache.EhCacheManager:getCache) - Using existing EHCache named [sessionCache]
 [05-15-09-02-23][INFO] (org.apache.shiro.session.mgt.AbstractValidatingSessionManager:enableSessionValidation) - Enabling session validation scheduler...
 [05-15-09-02-23][INFO] (org.apache.shiro.cache.ehcache.EhCacheManager:getCache) - Using existing EHCache named [sessionCache]
 [05-15-09-04-17][INFO] (org.apache.shiro.session.mgt.AbstractValidatingSessionManager:disableSessionValidation) - Disabled session validation scheduler.
 [05-15-09-04-35][INFO] (org.apache.shiro.cache.ehcache.EhCacheManager:getCache) - Cache with name 'com.ken.wms.security.realms.UserAuthorizingRealm.authorizationCache' does not yet exist.  Creating now.
 [05-15-09-04-35][INFO] (org.apache.shiro.cache.ehcache.EhCacheManager:getCache) - Added EhCache named [com.ken.wms.security.realms.UserAuthorizingRealm.authorizationCache]
 [05-15-09-04-35][INFO] (org.apache.shiro.cache.ehcache.EhCacheManager:getCache) - Using existing EHCache named [sessionCache]
 [05-15-09-04-40][INFO] (org.apache.shiro.session.mgt.AbstractValidatingSessionManager:enableSessionValidation) - Enabling session validation scheduler...
 [05-15-09-04-40][INFO] (org.apache.shiro.cache.ehcache.EhCacheManager:getCache) - Using existing EHCache named [sessionCache]
 [05-15-09-05-43][INFO] (org.apache.shiro.session.mgt.AbstractValidatingSessionManager:disableSessionValidation) - Disabled session validation scheduler.
 [05-15-09-06-04][INFO] (org.apache.shiro.cache.ehcache.EhCacheManager:getCache) - Cache with name 'com.ken.wms.security.realms.UserAuthorizingRealm.authorizationCache' does not yet exist.  Creating now.
 [05-15-09-06-04][INFO] (org.apache.shiro.cache.ehcache.EhCacheManager:getCache) - Added EhCache named [com.ken.wms.security.realms.UserAuthorizingRealm.authorizationCache]
 [05-15-09-06-06][INFO] (org.apache.shiro.cache.ehcache.EhCacheManager:getCache) - Using existing EHCache named [sessionCache]
 [05-15-09-06-12][INFO] (org.apache.shiro.session.mgt.AbstractValidatingSessionManager:enableSessionValidation) - Enabling session validation scheduler...
 [05-15-09-06-12][INFO] (org.apache.shiro.cache.ehcache.EhCacheManager:getCache) - Using existing EHCache named [sessionCache]
 [05-15-09-08-58][INFO] (org.apache.shiro.session.mgt.AbstractValidatingSessionManager:disableSessionValidation) - Disabled session validation scheduler.
 [05-15-09-09-17][INFO] (org.apache.shiro.cache.ehcache.EhCacheManager:getCache) - Cache with name 'com.ken.wms.security.realms.UserAuthorizingRealm.authorizationCache' does not yet exist.  Creating now.
 [05-15-09-09-17][INFO] (org.apache.shiro.cache.ehcache.EhCacheManager:getCache) - Added EhCache named [com.ken.wms.security.realms.UserAuthorizingRealm.authorizationCache]
 [05-15-09-09-17][INFO] (org.apache.shiro.cache.ehcache.EhCacheManager:getCache) - Using existing EHCache named [sessionCache]
 [05-15-09-09-22][INFO] (org.apache.shiro.session.mgt.AbstractValidatingSessionManager:enableSessionValidation) - Enabling session validation scheduler...
 [05-15-09-09-22][INFO] (org.apache.shiro.cache.ehcache.EhCacheManager:getCache) - Using existing EHCache named [sessionCache]
 [05-15-09-15-48][INFO] (org.apache.shiro.session.mgt.AbstractValidatingSessionManager:disableSessionValidation) - Disabled session validation scheduler.
 [05-15-09-16-26][INFO] (org.apache.shiro.cache.ehcache.EhCacheManager:getCache) - Cache with name 'com.ken.wms.security.realms.UserAuthorizingRealm.authorizationCache' does not yet exist.  Creating now.
 [05-15-09-16-26][INFO] (org.apache.shiro.cache.ehcache.EhCacheManager:getCache) - Added EhCache named [com.ken.wms.security.realms.UserAuthorizingRealm.authorizationCache]
 [05-15-09-16-27][INFO] (org.apache.shiro.cache.ehcache.EhCacheManager:getCache) - Using existing EHCache named [sessionCache]
 [05-15-09-21-16][INFO] (org.apache.shiro.cache.ehcache.EhCacheManager:getCache) - Cache with name 'com.ken.wms.security.realms.UserAuthorizingRealm.authorizationCache' does not yet exist.  Creating now.
 [05-15-09-21-16][INFO] (org.apache.shiro.cache.ehcache.EhCacheManager:getCache) - Added EhCache named [com.ken.wms.security.realms.UserAuthorizingRealm.authorizationCache]
 [05-15-09-21-17][INFO] (org.apache.shiro.cache.ehcache.EhCacheManager:getCache) - Using existing EHCache named [sessionCache]
 [05-15-09-21-22][INFO] (org.apache.shiro.session.mgt.AbstractValidatingSessionManager:enableSessionValidation) - Enabling session validation scheduler...
 [05-15-09-21-22][INFO] (org.apache.shiro.cache.ehcache.EhCacheManager:getCache) - Using existing EHCache named [sessionCache]
 [05-15-09-24-22][INFO] (org.apache.shiro.session.mgt.AbstractValidatingSessionManager:disableSessionValidation) - Disabled session validation scheduler.
 [05-15-09-24-47][INFO] (org.apache.shiro.cache.ehcache.EhCacheManager:getCache) - Cache with name 'com.ken.wms.security.realms.UserAuthorizingRealm.authorizationCache' does not yet exist.  Creating now.
 [05-15-09-24-47][INFO] (org.apache.shiro.cache.ehcache.EhCacheManager:getCache) - Added EhCache named [com.ken.wms.security.realms.UserAuthorizingRealm.authorizationCache]
 [05-15-09-24-47][INFO] (org.apache.shiro.cache.ehcache.EhCacheManager:getCache) - Using existing EHCache named [sessionCache]
 [05-15-09-24-53][INFO] (org.apache.shiro.session.mgt.AbstractValidatingSessionManager:enableSessionValidation) - Enabling session validation scheduler...
 [05-15-09-24-53][INFO] (org.apache.shiro.cache.ehcache.EhCacheManager:getCache) - Using existing EHCache named [sessionCache]
 [05-15-09-25-57][INFO] (org.apache.shiro.session.mgt.AbstractValidatingSessionManager:disableSessionValidation) - Disabled session validation scheduler.
 [05-15-09-26-18][INFO] (org.apache.shiro.cache.ehcache.EhCacheManager:getCache) - Cache with name 'com.ken.wms.security.realms.UserAuthorizingRealm.authorizationCache' does not yet exist.  Creating now.
 [05-15-09-26-18][INFO] (org.apache.shiro.cache.ehcache.EhCacheManager:getCache) - Added EhCache named [com.ken.wms.security.realms.UserAuthorizingRealm.authorizationCache]
 [05-15-09-26-18][INFO] (org.apache.shiro.cache.ehcache.EhCacheManager:getCache) - Using existing EHCache named [sessionCache]
 [05-15-09-26-23][INFO] (org.apache.shiro.session.mgt.AbstractValidatingSessionManager:enableSessionValidation) - Enabling session validation scheduler...
 [05-15-09-26-23][INFO] (org.apache.shiro.cache.ehcache.EhCacheManager:getCache) - Using existing EHCache named [sessionCache]
 [05-15-09-29-43][INFO] (org.apache.shiro.session.mgt.AbstractValidatingSessionManager:disableSessionValidation) - Disabled session validation scheduler.
 [05-15-09-30-04][INFO] (org.apache.shiro.cache.ehcache.EhCacheManager:getCache) - Cache with name 'com.ken.wms.security.realms.UserAuthorizingRealm.authorizationCache' does not yet exist.  Creating now.
 [05-15-09-30-04][INFO] (org.apache.shiro.cache.ehcache.EhCacheManager:getCache) - Added EhCache named [com.ken.wms.security.realms.UserAuthorizingRealm.authorizationCache]
 [05-15-09-30-05][INFO] (org.apache.shiro.cache.ehcache.EhCacheManager:getCache) - Using existing EHCache named [sessionCache]
 [05-15-09-32-32][INFO] (org.apache.shiro.session.mgt.AbstractValidatingSessionManager:disableSessionValidation) - Disabled session validation scheduler.
 [05-15-09-32-51][INFO] (org.apache.shiro.cache.ehcache.EhCacheManager:getCache) - Cache with name 'com.ken.wms.security.realms.UserAuthorizingRealm.authorizationCache' does not yet exist.  Creating now.
 [05-15-09-32-51][INFO] (org.apache.shiro.cache.ehcache.EhCacheManager:getCache) - Added EhCache named [com.ken.wms.security.realms.UserAuthorizingRealm.authorizationCache]
 [05-15-09-32-51][INFO] (org.apache.shiro.cache.ehcache.EhCacheManager:getCache) - Using existing EHCache named [sessionCache]
 [05-15-09-35-17][INFO] (org.apache.shiro.session.mgt.AbstractValidatingSessionManager:disableSessionValidation) - Disabled session validation scheduler.
 [05-15-09-35-35][INFO] (org.apache.shiro.cache.ehcache.EhCacheManager:getCache) - Cache with name 'com.ken.wms.security.realms.UserAuthorizingRealm.authorizationCache' does not yet exist.  Creating now.
 [05-15-09-35-35][INFO] (org.apache.shiro.cache.ehcache.EhCacheManager:getCache) - Added EhCache named [com.ken.wms.security.realms.UserAuthorizingRealm.authorizationCache]
 [05-15-09-35-36][INFO] (org.apache.shiro.cache.ehcache.EhCacheManager:getCache) - Using existing EHCache named [sessionCache]
 [05-15-10-15-11][INFO] (org.apache.shiro.session.mgt.AbstractValidatingSessionManager:disableSessionValidation) - Disabled session validation scheduler.
 [05-15-10-15-31][INFO] (org.apache.shiro.cache.ehcache.EhCacheManager:getCache) - Cache with name 'com.ken.wms.security.realms.UserAuthorizingRealm.authorizationCache' does not yet exist.  Creating now.
 [05-15-10-15-31][INFO] (org.apache.shiro.cache.ehcache.EhCacheManager:getCache) - Added EhCache named [com.ken.wms.security.realms.UserAuthorizingRealm.authorizationCache]
 [05-15-10-15-32][INFO] (org.apache.shiro.cache.ehcache.EhCacheManager:getCache) - Using existing EHCache named [sessionCache]
 [05-15-10-16-33][INFO] (org.apache.shiro.session.mgt.AbstractValidatingSessionManager:disableSessionValidation) - Disabled session validation scheduler.
 [05-15-10-17-32][INFO] (org.apache.shiro.cache.ehcache.EhCacheManager:getCache) - Cache with name 'com.ken.wms.security.realms.UserAuthorizingRealm.authorizationCache' does not yet exist.  Creating now.
 [05-15-10-17-32][INFO] (org.apache.shiro.cache.ehcache.EhCacheManager:getCache) - Added EhCache named [com.ken.wms.security.realms.UserAuthorizingRealm.authorizationCache]
 [05-15-10-17-32][INFO] (org.apache.shiro.cache.ehcache.EhCacheManager:getCache) - Using existing EHCache named [sessionCache]
 [05-15-10-19-10][INFO] (org.apache.shiro.session.mgt.AbstractValidatingSessionManager:disableSessionValidation) - Disabled session validation scheduler.
 [05-15-10-20-13][INFO] (org.apache.shiro.cache.ehcache.EhCacheManager:getCache) - Cache with name 'com.ken.wms.security.realms.UserAuthorizingRealm.authorizationCache' does not yet exist.  Creating now.
 [05-15-10-20-13][INFO] (org.apache.shiro.cache.ehcache.EhCacheManager:getCache) - Added EhCache named [com.ken.wms.security.realms.UserAuthorizingRealm.authorizationCache]
 [05-15-10-20-13][INFO] (org.apache.shiro.cache.ehcache.EhCacheManager:getCache) - Using existing EHCache named [sessionCache]
 [05-15-10-21-09][INFO] (org.apache.shiro.session.mgt.AbstractValidatingSessionManager:disableSessionValidation) - Disabled session validation scheduler.
 [05-15-10-21-38][INFO] (org.apache.shiro.cache.ehcache.EhCacheManager:getCache) - Cache with name 'com.ken.wms.security.realms.UserAuthorizingRealm.authorizationCache' does not yet exist.  Creating now.
 [05-15-10-21-38][INFO] (org.apache.shiro.cache.ehcache.EhCacheManager:getCache) - Added EhCache named [com.ken.wms.security.realms.UserAuthorizingRealm.authorizationCache]
 [05-15-10-21-38][INFO] (org.apache.shiro.cache.ehcache.EhCacheManager:getCache) - Using existing EHCache named [sessionCache]
 [05-15-10-46-27][INFO] (org.apache.shiro.session.mgt.AbstractValidatingSessionManager:disableSessionValidation) - Disabled session validation scheduler.
 [05-15-10-46-48][INFO] (org.apache.shiro.cache.ehcache.EhCacheManager:getCache) - Cache with name 'com.ken.wms.security.realms.UserAuthorizingRealm.authorizationCache' does not yet exist.  Creating now.
 [05-15-10-46-48][INFO] (org.apache.shiro.cache.ehcache.EhCacheManager:getCache) - Added EhCache named [com.ken.wms.security.realms.UserAuthorizingRealm.authorizationCache]
 [05-15-10-46-49][INFO] (org.apache.shiro.cache.ehcache.EhCacheManager:getCache) - Using existing EHCache named [sessionCache]
 [05-15-10-48-05][INFO] (org.apache.shiro.session.mgt.AbstractValidatingSessionManager:disableSessionValidation) - Disabled session validation scheduler.
 [05-15-10-48-26][INFO] (org.apache.shiro.cache.ehcache.EhCacheManager:getCache) - Cache with name 'com.ken.wms.security.realms.UserAuthorizingRealm.authorizationCache' does not yet exist.  Creating now.
 [05-15-10-48-26][INFO] (org.apache.shiro.cache.ehcache.EhCacheManager:getCache) - Added EhCache named [com.ken.wms.security.realms.UserAuthorizingRealm.authorizationCache]
 [05-15-10-48-27][INFO] (org.apache.shiro.cache.ehcache.EhCacheManager:getCache) - Using existing EHCache named [sessionCache]
 [05-15-11-09-17][INFO] (org.apache.shiro.session.mgt.AbstractValidatingSessionManager:disableSessionValidation) - Disabled session validation scheduler.
 [05-15-11-10-09][INFO] (org.apache.shiro.cache.ehcache.EhCacheManager:getCache) - Cache with name 'com.ken.wms.security.realms.UserAuthorizingRealm.authorizationCache' does not yet exist.  Creating now.
 [05-15-11-10-09][INFO] (org.apache.shiro.cache.ehcache.EhCacheManager:getCache) - Added EhCache named [com.ken.wms.security.realms.UserAuthorizingRealm.authorizationCache]
 [05-15-11-10-10][INFO] (org.apache.shiro.cache.ehcache.EhCacheManager:getCache) - Using existing EHCache named [sessionCache]
 [05-15-11-25-49][INFO] (org.apache.shiro.session.mgt.AbstractValidatingSessionManager:disableSessionValidation) - Disabled session validation scheduler.
 [05-15-11-26-07][INFO] (org.apache.shiro.cache.ehcache.EhCacheManager:getCache) - Cache with name 'com.ken.wms.security.realms.UserAuthorizingRealm.authorizationCache' does not yet exist.  Creating now.
 [05-15-11-26-07][INFO] (org.apache.shiro.cache.ehcache.EhCacheManager:getCache) - Added EhCache named [com.ken.wms.security.realms.UserAuthorizingRealm.authorizationCache]
 [05-15-11-26-08][INFO] (org.apache.shiro.cache.ehcache.EhCacheManager:getCache) - Using existing EHCache named [sessionCache]
 [05-15-12-54-35][INFO] (org.apache.shiro.session.mgt.AbstractValidatingSessionManager:disableSessionValidation) - Disabled session validation scheduler.
 [05-15-13-45-38][INFO] (org.apache.shiro.cache.ehcache.EhCacheManager:getCache) - Cache with name 'com.ken.wms.security.realms.UserAuthorizingRealm.authorizationCache' does not yet exist.  Creating now.
 [05-15-13-45-38][INFO] (org.apache.shiro.cache.ehcache.EhCacheManager:getCache) - Added EhCache named [com.ken.wms.security.realms.UserAuthorizingRealm.authorizationCache]
 [05-15-13-45-40][INFO] (org.apache.shiro.cache.ehcache.EhCacheManager:getCache) - Using existing EHCache named [sessionCache]
 [05-15-14-10-31][INFO] (org.apache.shiro.session.mgt.AbstractValidatingSessionManager:disableSessionValidation) - Disabled session validation scheduler.
 [05-15-14-22-32][INFO] (org.apache.shiro.cache.ehcache.EhCacheManager:getCache) - Cache with name 'com.ken.wms.security.realms.UserAuthorizingRealm.authorizationCache' does not yet exist.  Creating now.
 [05-15-14-22-32][INFO] (org.apache.shiro.cache.ehcache.EhCacheManager:getCache) - Added EhCache named [com.ken.wms.security.realms.UserAuthorizingRealm.authorizationCache]
 [05-15-14-22-33][INFO] (org.apache.shiro.cache.ehcache.EhCacheManager:getCache) - Using existing EHCache named [sessionCache]
 [05-15-16-45-42][INFO] (org.apache.shiro.session.mgt.AbstractValidatingSessionManager:disableSessionValidation) - Disabled session validation scheduler.
 [05-19-11-06-06][INFO] (org.apache.shiro.cache.ehcache.EhCacheManager:getCache) - Cache with name 'com.ken.wms.security.realms.UserAuthorizingRealm.authorizationCache' does not yet exist.  Creating now.
 [05-19-11-06-06][INFO] (org.apache.shiro.cache.ehcache.EhCacheManager:getCache) - Added EhCache named [com.ken.wms.security.realms.UserAuthorizingRealm.authorizationCache]
 [05-19-11-06-07][INFO] (org.apache.shiro.cache.ehcache.EhCacheManager:getCache) - Using existing EHCache named [sessionCache]
 [05-19-13-01-58][INFO] (org.apache.shiro.session.mgt.AbstractValidatingSessionManager:disableSessionValidation) - Disabled session validation scheduler.
 [05-19-15-15-38][INFO] (org.apache.shiro.cache.ehcache.EhCacheManager:getCache) - Cache with name 'com.ken.wms.security.realms.UserAuthorizingRealm.authorizationCache' does not yet exist.  Creating now.
 [05-19-15-15-38][INFO] (org.apache.shiro.cache.ehcache.EhCacheManager:getCache) - Added EhCache named [com.ken.wms.security.realms.UserAuthorizingRealm.authorizationCache]
 [05-19-15-15-39][INFO] (org.apache.shiro.cache.ehcache.EhCacheManager:getCache) - Using existing EHCache named [sessionCache]
 [05-19-23-54-33][INFO] (org.apache.shiro.session.mgt.AbstractValidatingSessionManager:disableSessionValidation) - Disabled session validation scheduler.
 [05-20-14-18-03][INFO] (org.apache.shiro.cache.ehcache.EhCacheManager:getCache) - Cache with name 'com.ken.wms.security.realms.UserAuthorizingRealm.authorizationCache' does not yet exist.  Creating now.
 [05-20-14-18-03][INFO] (org.apache.shiro.cache.ehcache.EhCacheManager:getCache) - Added EhCache named [com.ken.wms.security.realms.UserAuthorizingRealm.authorizationCache]
 [05-20-14-18-03][INFO] (org.apache.shiro.cache.ehcache.EhCacheManager:getCache) - Using existing EHCache named [sessionCache]
 [05-20-15-11-41][INFO] (org.apache.shiro.session.mgt.AbstractValidatingSessionManager:disableSessionValidation) - Disabled session validation scheduler.
 [05-25-15-57-29][INFO] (org.apache.shiro.cache.ehcache.EhCacheManager:getCache) - Cache with name 'com.ken.wms.security.realms.UserAuthorizingRealm.authorizationCache' does not yet exist.  Creating now.
 [05-25-15-57-29][INFO] (org.apache.shiro.cache.ehcache.EhCacheManager:getCache) - Added EhCache named [com.ken.wms.security.realms.UserAuthorizingRealm.authorizationCache]
 [05-25-15-57-30][INFO] (org.apache.shiro.cache.ehcache.EhCacheManager:getCache) - Using existing EHCache named [sessionCache]
 